2021-03-11 13:21:04 INFO monitor.py starting up
2021-03-11 13:21:04 INFO 

	Copyright (c) 2016, 2017, 2018, 2019
	The Regents of the K0USY Group. All rights reserved.

	Python 3 port:
	2019 Steve Miller, KC1AWV <smiller@kc1awv.net>

	Version by:	 SP2ONG 2019-2020


2021-03-11 13:21:06 INFO ID ALIAS MAPPER: 'peer_ids.json' successfully downloaded
2021-03-11 13:21:35 INFO monitor.py starting up
2021-03-11 13:21:35 INFO 

	Copyright (c) 2016, 2017, 2018, 2019
	The Regents of the K0USY Group. All rights reserved.

	Python 3 port:
	2019 Steve Miller, KC1AWV <smiller@kc1awv.net>

	Version by:	 SP2ONG 2019-2020


2021-03-11 13:21:35 INFO ID ALIAS MAPPER: 'peer_ids.json' is current, not downloaded
2021-03-11 13:21:35 INFO ID ALIAS MAPPER: 'subscriber_ids.json' is current, not downloaded
2021-03-11 13:21:35 INFO ID ALIAS MAPPER: peer_ids dictionary is available
2021-03-11 13:22:12 INFO monitor.py starting up
2021-03-11 13:22:12 INFO 

	Copyright (c) 2016, 2017, 2018, 2019
	The Regents of the K0USY Group. All rights reserved.

	Python 3 port:
	2019 Steve Miller, KC1AWV <smiller@kc1awv.net>

	Version by:	 SP2ONG 2019-2020


2021-03-11 13:22:12 INFO ID ALIAS MAPPER: 'peer_ids.json' is current, not downloaded
2021-03-11 13:22:12 INFO ID ALIAS MAPPER: 'subscriber_ids.json' is current, not downloaded
2021-03-11 13:22:12 INFO ID ALIAS MAPPER: peer_ids dictionary is available
2021-03-11 13:24:45 INFO monitor.py starting up
2021-03-11 13:24:45 INFO 

	Copyright (c) 2016, 2017, 2018, 2019
	The Regents of the K0USY Group. All rights reserved.

	Python 3 port:
	2019 Steve Miller, KC1AWV <smiller@kc1awv.net>

	Version by:	 SP2ONG 2019-2020


2021-03-11 13:24:45 INFO ID ALIAS MAPPER: 'peer_ids.json' is current, not downloaded
2021-03-11 13:24:45 INFO ID ALIAS MAPPER: 'subscriber_ids.json' is current, not downloaded
2021-03-11 13:24:45 INFO ID ALIAS MAPPER: peer_ids dictionary is available
2021-03-11 19:31:02 INFO monitor.py starting up
2021-03-11 19:31:02 INFO 

	Copyright (c) 2016, 2017, 2018, 2019
	The Regents of the K0USY Group. All rights reserved.

	Python 3 port:
	2019 Steve Miller, KC1AWV <smiller@kc1awv.net>

	HBMonitor v2 SP2ONG 2019-2021


2021-03-11 19:31:07 INFO ID ALIAS MAPPER: 'peer_ids.json' successfully downloaded
2021-03-11 19:32:09 INFO monitor.py starting up
2021-03-11 19:32:09 INFO 

	Copyright (c) 2016, 2017, 2018, 2019
	The Regents of the K0USY Group. All rights reserved.

	Python 3 port:
	2019 Steve Miller, KC1AWV <smiller@kc1awv.net>

	HBMonitor v2 SP2ONG 2019-2021


2021-03-11 19:32:09 INFO ID ALIAS MAPPER: 'peer_ids.json' is current, not downloaded
2021-03-11 19:32:09 INFO ID ALIAS MAPPER: 'subscriber_ids.json' is current, not downloaded
2021-03-11 19:32:09 INFO ID ALIAS MAPPER: peer_ids dictionary is available
